<?xml version="1.0" encoding="UTF-8"?>
<testsuite name="TestCalc" tests="1" skipped="0" failures="0" errors="0" timestamp="2023-03-27T14:23:35" hostname="NOTEBOOK" time="0.031">
  <properties/>
  <testcase name="testSum1()" classname="TestCalc" time="0.031"/>
  <system-out><![CDATA[]]></system-out>
  <system-err><![CDATA[]]></system-err>
</testsuite>
