<?xml version="1.0" encoding="UTF-8"?>
<testsuite name="TestCalc" tests="3" skipped="0" failures="0" errors="0" timestamp="2023-07-04T12:34:10" hostname="NOTEBOOK" time="0.031">
  <properties/>
  <testcase name="testSum0()" classname="TestCalc" time="0.026"/>
  <testcase name="testSum1()" classname="TestCalc" time="0.001"/>
  <testcase name="testSum3()" classname="TestCalc" time="0.001"/>
  <system-out><![CDATA[]]></system-out>
  <system-err><![CDATA[]]></system-err>
</testsuite>
