<?xml version="1.0" encoding="UTF-8"?>
<testsuite name="TestCalc" tests="3" skipped="0" failures="0" errors="0" timestamp="2023-03-27T07:23:36" hostname="NOTEBOOK" time="0.025">
  <properties/>
  <testcase name="testSum0()" classname="TestCalc" time="0.02"/>
  <testcase name="testSum1()" classname="TestCalc" time="0.002"/>
  <testcase name="testSum3()" classname="TestCalc" time="0.001"/>
  <system-out><![CDATA[]]></system-out>
  <system-err><![CDATA[]]></system-err>
</testsuite>
